<?xml version="1.0" encoding="UTF-8"?>
<!-- Generated by org.testng.reporters.JUnitReportReporter -->
<testsuite skipped="0" hostname="DESKTOP-I83D6L5" name="basicAnnotations.TestNGClass2" tests="3" failures="0" timestamp="2020-08-08T11:47:10 IST" time="0.015" errors="0">
  <testcase name="test1" time="0.009" classname="basicAnnotations.TestNGClass2"/>
  <system-out/>
  <testcase name="test3" time="0.003" classname="basicAnnotations.TestNGClass2"/>
  <system-out/>
  <testcase name="test2" time="0.003" classname="basicAnnotations.TestNGClass2"/>
  <system-out/>
</testsuite> <!-- basicAnnotations.TestNGClass2 -->
