<?xml version="1.0" encoding="UTF-8"?>
<!-- Generated by org.testng.reporters.JUnitReportReporter -->
<testsuite skipped="0" hostname="DESKTOP-I83D6L5" name="testScripts.Camper.CamperEnterProductData" tests="4" failures="0" timestamp="2020-08-21T14:29:35 IST" time="0.813" errors="0">
  <testcase name="CamperStartDate" time="0.404" classname="testScripts.Camper.CamperEnterProductData"/>
  <system-out/>
  <testcase name="CamperInsuranceSum" time="0.169" classname="testScripts.Camper.CamperEnterProductData"/>
  <system-out/>
  <testcase name="CamperDamageInsurance" time="0.141" classname="testScripts.Camper.CamperEnterProductData"/>
  <system-out/>
  <testcase name="CamperOptionalProduct" time="0.099" classname="testScripts.Camper.CamperEnterProductData"/>
  <system-out/>
</testsuite> <!-- testScripts.Camper.CamperEnterProductData -->
