<?xml version="1.0" encoding="UTF-8"?>
<!-- Generated by org.testng.reporters.JUnitReportReporter -->
<testsuite skipped="0" hostname="DESKTOP-I83D6L5" name="testScripts.HomePage.HomePage" tests="6" failures="0" timestamp="2020-08-14T20:06:31 IST" time="5.042" errors="0">
  <testcase name="verifyIsAutomobileVisible" time="0.049" classname="testScripts.HomePage.HomePage"/>
  <system-out/>
  <testcase name="verifyIsMotorCycleVisible" time="0.023" classname="testScripts.HomePage.HomePage"/>
  <system-out/>
  <testcase name="verifyIsCamperVisible" time="0.019" classname="testScripts.HomePage.HomePage"/>
  <system-out/>
  <testcase name="verifyIsTruckVisible" time="0.027" classname="testScripts.HomePage.HomePage"/>
  <system-out/>
  <testcase name="verifyIsAutobileClickable" time="3.543" classname="testScripts.HomePage.HomePage"/>
  <system-out/>
  <testcase name="verifyIsTruckClickable" time="1.381" classname="testScripts.HomePage.HomePage"/>
  <system-out/>
</testsuite> <!-- testScripts.HomePage.HomePage -->
