<?xml version="1.0" encoding="UTF-8"?>
<!-- Generated by org.testng.reporters.JUnitReportReporter -->
<testsuite skipped="0" hostname="DESKTOP-I83D6L5" name="testScripts.Camper.CamperEnterInsuranceData" tests="11" failures="0" timestamp="2020-08-19T14:45:38 IST" time="2.017" errors="0">
  <testcase name="CamperFirstname" time="0.219" classname="testScripts.Camper.CamperEnterInsuranceData"/>
  <system-out/>
  <testcase name="CamperLastName" time="0.166" classname="testScripts.Camper.CamperEnterInsuranceData"/>
  <system-out/>
  <testcase name="CamperDOB" time="0.240" classname="testScripts.Camper.CamperEnterInsuranceData"/>
  <system-out/>
  <testcase name="CamperGender" time="0.083" classname="testScripts.Camper.CamperEnterInsuranceData"/>
  <system-out/>
  <testcase name="CamperStreetaddress" time="0.246" classname="testScripts.Camper.CamperEnterInsuranceData"/>
  <system-out/>
  <testcase name="CamperCountry" time="0.159" classname="testScripts.Camper.CamperEnterInsuranceData"/>
  <system-out/>
  <testcase name="CamperZipCode" time="0.190" classname="testScripts.Camper.CamperEnterInsuranceData"/>
  <system-out/>
  <testcase name="CamperCity" time="0.154" classname="testScripts.Camper.CamperEnterInsuranceData"/>
  <system-out/>
  <testcase name="CamperOccupation" time="0.175" classname="testScripts.Camper.CamperEnterInsuranceData"/>
  <system-out/>
  <testcase name="CamperHobbies" time="0.119" classname="testScripts.Camper.CamperEnterInsuranceData"/>
  <system-out/>
  <testcase name="CamperWesite" time="0.266" classname="testScripts.Camper.CamperEnterInsuranceData"/>
  <system-out/>
</testsuite> <!-- testScripts.Camper.CamperEnterInsuranceData -->
