<?xml version="1.0" encoding="UTF-8"?>
<!-- Generated by org.testng.reporters.JUnitReportReporter -->
<testsuite skipped="0" hostname="DESKTOP-I83D6L5" name="testScripts.Camper.CamperEnterVehicleDataScript" tests="11" failures="0" timestamp="2020-08-18T13:23:11 IST" time="2.005" errors="0">
  <testcase name="CamperMake" time="0.186" classname="testScripts.Camper.CamperEnterVehicleDataScript"/>
  <system-out/>
  <testcase name="CamperEngineperformance" time="0.197" classname="testScripts.Camper.CamperEnterVehicleDataScript"/>
  <system-out/>
  <testcase name="CamperDateOfManufacturing" time="0.261" classname="testScripts.Camper.CamperEnterVehicleDataScript"/>
  <system-out/>
  <testcase name="CamperNoOfSeats" time="0.156" classname="testScripts.Camper.CamperEnterVehicleDataScript"/>
  <system-out/>
  <testcase name="CamperRightHandsideDrive" time="0.101" classname="testScripts.Camper.CamperEnterVehicleDataScript"/>
  <system-out/>
  <testcase name="CamperFueltype" time="0.153" classname="testScripts.Camper.CamperEnterVehicleDataScript"/>
  <system-out/>
  <testcase name="CamperPayload" time="0.190" classname="testScripts.Camper.CamperEnterVehicleDataScript"/>
  <system-out/>
  <testcase name="CamperTotalweight" time="0.176" classname="testScripts.Camper.CamperEnterVehicleDataScript"/>
  <system-out/>
  <testcase name="CamperListPrice" time="0.246" classname="testScripts.Camper.CamperEnterVehicleDataScript"/>
  <system-out/>
  <testcase name="CamperLiecenceplateno" time="0.156" classname="testScripts.Camper.CamperEnterVehicleDataScript"/>
  <system-out/>
  <testcase name="CamperAnnualMileage" time="0.183" classname="testScripts.Camper.CamperEnterVehicleDataScript"/>
  <system-out/>
</testsuite> <!-- testScripts.Camper.CamperEnterVehicleDataScript -->
