<?xml version="1.0" encoding="UTF-8"?>
<!-- Generated by org.testng.reporters.JUnitReportReporter -->
<testsuite skipped="0" hostname="DESKTOP-I83D6L5" name="testNGAttributes.TestNGDataProvider" tests="3" failures="0" timestamp="2020-08-08T12:43:09 IST" time="0.017" errors="0">
  <testcase name="login" time="0.009" classname="testNGAttributes.TestNGDataProvider"/>
  <system-out/>
  <testcase name="login" time="0.006" classname="testNGAttributes.TestNGDataProvider"/>
  <system-out/>
  <testcase name="login" time="0.002" classname="testNGAttributes.TestNGDataProvider"/>
  <system-out/>
</testsuite> <!-- testNGAttributes.TestNGDataProvider -->
