<?xml version="1.0" encoding="UTF-8"?>
<!-- Generated by org.testng.reporters.JUnitReportReporter -->
<testsuite skipped="0" hostname="DESKTOP-I83D6L5" name="testNGAttributes.TestNGParameters" tests="1" failures="0" timestamp="2020-08-08T12:55:33 IST" time="0.013" errors="0">
  <testcase name="launchBrowser" time="0.013" classname="testNGAttributes.TestNGParameters"/>
  <system-out/>
</testsuite> <!-- testNGAttributes.TestNGParameters -->
